Reading netlist file: "H:\git\TangPrimer25K_brushless\sample\impl\gwsynthesis\tangnano25k_brushless.vg"
Parsing netlist file "H:\git\TangPrimer25K_brushless\sample\impl\gwsynthesis\tangnano25k_brushless.vg" completed
Processing netlist completed
Reading constraint file: "H:\git\TangPrimer25K_brushless\sample\src\top.cst"
Physical Constraint parsed completed
Running placement......
[10%] Placement Phase 0 completed
[20%] Placement Phase 1 completed
[30%] Placement Phase 2 completed
[50%] Placement Phase 3 completed
Running routing......
[60%] Routing Phase 0 completed
[70%] Routing Phase 1 completed
[80%] Routing Phase 2 completed
[90%] Routing Phase 3 completed
Running timing analysis......
[95%] Timing analysis completed
Placement and routing completed
Bitstream generation in progress......
Bitstream generation completed
Generate file "H:\git\TangPrimer25K_brushless\sample\impl\pnr\tangnano25k_brushless.pin.html" completed
Generate file "H:\git\TangPrimer25K_brushless\sample\impl\pnr\tangnano25k_brushless.rpt.html" completed
Generate file "H:\git\TangPrimer25K_brushless\sample\impl\pnr\tangnano25k_brushless.rpt.txt" completed
Generate file "H:\git\TangPrimer25K_brushless\sample\impl\pnr\tangnano25k_brushless.tr.html" completed
Wed May  8 23:16:05 2024

