Reading netlist file: "C:\Git\TangPrimer25K_brushless\sample\cart\impl\gwsynthesis\tangnano25k_brushless.vg"
Parsing netlist file "C:\Git\TangPrimer25K_brushless\sample\cart\impl\gwsynthesis\tangnano25k_brushless.vg" completed
Processing netlist completed
Reading constraint file: "C:\Git\TangPrimer25K_brushless\sample\cart\src\top.cst"
Physical Constraint parsed completed
Running placement......
[10%] Placement Phase 0 completed
[20%] Placement Phase 1 completed
[30%] Placement Phase 2 completed
WARN  (TA1132) :  'AD_CLK_d' was determined to be a clock but was not created.
WARN  (TA1132) :  'n2044_18' was determined to be a clock but was not created.
WARN  (TA1132) :  'n2047_13' was determined to be a clock but was not created.
[50%] Placement Phase 3 completed
Running routing......
[60%] Routing Phase 0 completed
[70%] Routing Phase 1 completed
[80%] Routing Phase 2 completed
[90%] Routing Phase 3 completed
Running timing analysis......
[95%] Timing analysis completed
Placement and routing completed
Bitstream generation in progress......
Bitstream generation completed
Running power analysis......
[100%] Power analysis completed
Generate file "C:\Git\TangPrimer25K_brushless\sample\cart\impl\pnr\tangnano25k_brushless.power.html" completed
Generate file "C:\Git\TangPrimer25K_brushless\sample\cart\impl\pnr\tangnano25k_brushless.pin.html" completed
Generate file "C:\Git\TangPrimer25K_brushless\sample\cart\impl\pnr\tangnano25k_brushless.rpt.html" completed
Generate file "C:\Git\TangPrimer25K_brushless\sample\cart\impl\pnr\tangnano25k_brushless.rpt.txt" completed
Generate file "C:\Git\TangPrimer25K_brushless\sample\cart\impl\pnr\tangnano25k_brushless.tr.html" completed
Sat Sep 13 18:29:23 2025

